<?xml version="1.0" encoding="UTF-8"?>
<!-- Generated by org.testng.reporters.JUnitReportReporter -->
<testsuite hostname="VINOD" failures="0" tests="1" name="Auto.Room.Login" time="16.071" errors="0" timestamp="2024-08-28T07:39:50 IST" skipped="0">
  <testcase classname="Auto.Room.Login" name="login" time="16.071"/>
</testsuite> <!-- Auto.Room.Login -->
